<?xml version="1.0" encoding="UTF-8"?>
<!-- Generated by org.testng.reporters.JUnitXMLReporter -->
<testsuite hostname="DESKTOP-OP7UE9K" ignored="3" name="Default test" tests="1" failures="0" timestamp="2021-01-28T05:29:00 GMT" time="37.616" errors="0">
  <testcase name="testcase2" time="32.52" classname="Demo.Web1"/>
  <testcase name="testcase3" time="0.0" classname="Demo.Web1">
    <ignored/>
  </testcase> <!-- testcase3 -->
  <testcase name="testcase4" time="0.0" classname="Demo.Web1">
    <ignored/>
  </testcase> <!-- testcase4 -->
  <testcase name="testcase1" time="0.0" classname="Demo.Web1">
    <ignored/>
  </testcase> <!-- testcase1 -->
</testsuite> <!-- Default test -->
